<?xml version="1.0" encoding="UTF-8"?>
<!-- Generated by org.testng.reporters.JUnitReportReporter -->
<testsuite hostname="LAPTOP-4V52DMIG" failures="0" tests="1" name="packone.OneTest" time="8.748" errors="0" timestamp="2021-07-02T12:13:25 IST" skipped="0">
  <testcase classname="packone.OneTest" name="testOneA" time="8.748"/>
  <system-out/>
</testsuite> <!-- packone.OneTest -->
